<?xml version="1.0" encoding="UTF-8"?>
<!-- Generated by org.testng.reporters.JUnitReportReporter -->
<testsuite hostname="LAPTOP-PVI4R7P6" failures="0" tests="1" name="TestScript.Sample4Extent" time="8.755" errors="0" timestamp="2024-02-12T15:23:51 IST" skipped="0">
  <testcase classname="TestScript.Sample4Extent" name="testcase" time="8.755"/>
  <system-out/>
</testsuite> <!-- TestScript.Sample4Extent -->
