<?xml version="1.0" encoding="UTF-8"?>
<!-- Generated by org.testng.reporters.JUnitReportReporter -->
<testsuite hostname="LAPTOP-PVI4R7P6" failures="0" tests="1" name="TestScript.Sample3Extent" time="0.682" errors="0" timestamp="2024-02-12T15:16:49 IST" skipped="0">
  <testcase classname="TestScript.Sample3Extent" name="testcase" time="0.682"/>
  <system-out/>
</testsuite> <!-- TestScript.Sample3Extent -->
